<?xml version="1.0" encoding="UTF-8"?>
<testsuite name="com.itis.profitx.ExampleUnitTest" tests="1" skipped="0" failures="0" errors="0" timestamp="2025-02-07T21:44:42" hostname="DESKTOP-U7C4O6N" time="0.002">
  <properties/>
  <testcase name="addition_isCorrect" classname="com.itis.profitx.ExampleUnitTest" time="0.002"/>
  <system-out><![CDATA[]]></system-out>
  <system-err><![CDATA[]]></system-err>
</testsuite>
